<?xml version="1.0" encoding="UTF-8"?>
<!-- Generated by org.testng.reporters.JUnitReportReporter -->
<testsuite hostname="0eea6f1b75ab" failures="0" tests="1" name="com.saucedemo.tests.LoginPageTest" time="2.198" errors="0" timestamp="2024-06-29T20:50:18 UTC" skipped="0">
  <testcase classname="com.saucedemo.tests.LoginPageTest" name="loginTest" time="2.198"/>
  <system-out/>
</testsuite> <!-- com.saucedemo.tests.LoginPageTest -->
